mode: set
rchenhyy/learngo/functional/adder.go:5.28,7.28 2 1
rchenhyy/learngo/functional/adder.go:7.28,10.3 2 1
rchenhyy/learngo/functional/adder.go:15.30,16.35 1 0
rchenhyy/learngo/functional/adder.go:16.35,19.3 2 0
rchenhyy/learngo/functional/adder.go:22.14,24.26 2 0
rchenhyy/learngo/functional/adder.go:28.2,29.26 2 0
rchenhyy/learngo/functional/adder.go:24.26,26.3 1 0
rchenhyy/learngo/functional/adder.go:29.26,33.3 3 0
rchenhyy/learngo/functional/fib.go:10.25,12.20 2 0
rchenhyy/learngo/functional/fib.go:12.20,15.3 2 0
rchenhyy/learngo/functional/fib.go:20.49,22.20 2 0
rchenhyy/learngo/functional/fib.go:25.2,26.41 2 0
rchenhyy/learngo/functional/fib.go:22.20,24.3 1 0
rchenhyy/learngo/functional/fib.go:29.14,38.21 8 0
rchenhyy/learngo/functional/fib.go:38.21,40.3 1 0
